2019-09-26 21:33:29 INFO  AveroRestAPI:20 - ****************Started getBusinessesById*****************
2019-09-26 21:33:30 INFO  AveroRestAPI:83 - ****************Ended getBusinessesById*****************
2019-09-26 21:33:30 INFO  AveroRestAPI:124 - ****************Started getBusinessesByIncorrectURL*****************
2019-09-26 21:33:30 INFO  AveroRestAPI:91 - ****************Started getBusinessesByNonExistingIds*****************
2019-09-26 21:33:30 INFO  AveroRestAPI:21 - ****************Started getBusinesses*****************
2019-09-26 21:33:30 INFO  AveroRestAPI:92 - ****************Ended getBusinesses*****************
2019-09-26 21:33:30 INFO  AveroRestAPI:100 - ****************Started getBusinessesByIncorrectURL*****************
2019-09-26 21:33:30 INFO  AveroRestAPI:21 - ****************Started getSummarySales*****************
2019-09-26 21:33:30 INFO  AveroRestAPI:101 - ****************Ended getSummarySales*****************
2019-09-26 21:33:30 INFO  AveroRestAPI:109 - ****************Started getSummarySalesByIncorrectURL*****************
2019-09-26 21:34:01 INFO  AveroRestAPI:21 - ****************Started getBusinesses*****************
2019-09-26 21:34:02 INFO  AveroRestAPI:92 - ****************Ended getBusinesses*****************
2019-09-26 21:34:02 INFO  AveroRestAPI:100 - ****************Started getBusinessesByIncorrectURL*****************
2019-09-26 21:34:13 INFO  AveroRestAPI:20 - ****************Started getBusinessesById*****************
2019-09-26 21:34:14 INFO  AveroRestAPI:83 - ****************Ended getBusinessesById*****************
2019-09-26 21:34:14 INFO  AveroRestAPI:124 - ****************Started getBusinessesByIncorrectURL*****************
2019-09-26 21:34:14 INFO  AveroRestAPI:91 - ****************Started getBusinessesByNonExistingIds*****************
2019-09-26 21:34:22 INFO  AveroRestAPI:21 - ****************Started getSummarySales*****************
2019-09-26 21:34:23 INFO  AveroRestAPI:101 - ****************Ended getSummarySales*****************
2019-09-26 21:34:23 INFO  AveroRestAPI:109 - ****************Started getSummarySalesByIncorrectURL*****************
2019-09-26 21:35:37 INFO  AveroRestAPI:20 - ****************Started getBusinessesById*****************
2019-09-26 21:35:38 INFO  AveroRestAPI:83 - ****************Ended getBusinessesById*****************
2019-09-26 21:35:48 INFO  AveroRestAPI:20 - ****************Started getBusinessesById*****************
2019-09-26 21:35:49 INFO  AveroRestAPI:83 - ****************Ended getBusinessesById*****************
2019-09-26 21:35:49 INFO  AveroRestAPI:124 - ****************Started getBusinessesByIncorrectURL*****************
2019-09-26 21:35:49 INFO  AveroRestAPI:91 - ****************Started getBusinessesByNonExistingIds*****************
2019-09-26 21:36:01 INFO  AveroRestAPI:21 - ****************Started getBusinesses*****************
2019-09-26 21:36:02 INFO  AveroRestAPI:92 - ****************Ended getBusinesses*****************
2019-09-26 21:36:02 INFO  AveroRestAPI:100 - ****************Started getBusinessesByIncorrectURL*****************
2019-09-26 21:36:10 INFO  AveroRestAPI:21 - ****************Started getSummarySales*****************
2019-09-26 21:36:12 INFO  AveroRestAPI:101 - ****************Ended getSummarySales*****************
2019-09-26 21:36:12 INFO  AveroRestAPI:109 - ****************Started getSummarySalesByIncorrectURL*****************
2019-09-26 21:36:58 INFO  AveroRestAPI:20 - ****************Started getBusinessesById*****************
2019-09-26 21:36:59 INFO  AveroRestAPI:83 - ****************Ended getBusinessesById*****************
2019-09-26 21:36:59 INFO  AveroRestAPI:124 - ****************Started getBusinessesByIncorrectURL*****************
2019-09-26 21:36:59 INFO  AveroRestAPI:91 - ****************Started getBusinessesByNonExistingIds*****************
2019-09-26 21:36:59 INFO  AveroRestAPI:21 - ****************Started getBusinesses*****************
2019-09-26 21:36:59 INFO  AveroRestAPI:92 - ****************Ended getBusinesses*****************
2019-09-26 21:36:59 INFO  AveroRestAPI:100 - ****************Started getBusinessesByIncorrectURL*****************
2019-09-26 21:36:59 INFO  AveroRestAPI:21 - ****************Started getSummarySales*****************
2019-09-26 21:36:59 INFO  AveroRestAPI:101 - ****************Ended getSummarySales*****************
2019-09-26 21:36:59 INFO  AveroRestAPI:109 - ****************Started getSummarySalesByIncorrectURL*****************
2019-09-26 21:38:30 INFO  AveroRestAPI:20 - ****************Started getBusinessesById*****************
2019-09-26 21:38:31 INFO  AveroRestAPI:83 - ****************Ended getBusinessesById*****************
2019-09-26 21:38:31 INFO  AveroRestAPI:124 - ****************Started getBusinessesByIncorrectURL*****************
2019-09-26 21:38:31 INFO  AveroRestAPI:91 - ****************Started getBusinessesByNonExistingIds*****************
2019-09-26 21:38:31 INFO  AveroRestAPI:21 - ****************Started getBusinesses*****************
2019-09-26 21:38:32 INFO  AveroRestAPI:92 - ****************Ended getBusinesses*****************
2019-09-26 21:38:32 INFO  AveroRestAPI:100 - ****************Started getBusinessesByIncorrectURL*****************
2019-09-26 21:41:20 INFO  AveroRestAPI:124 - ****************Started getBusinessesByIncorrectURL*****************
2019-09-26 21:41:21 INFO  AveroRestAPI:91 - ****************Started getBusinessesByNonExistingIds*****************
2019-09-26 21:41:21 INFO  AveroRestAPI:100 - ****************Started getBusinessesByIncorrectURL*****************
2019-09-26 21:41:21 INFO  AveroRestAPI:108 - ****************Started getSummarySalesByIncorrectURL*****************
2019-09-26 21:42:18 INFO  AveroRestAPI:20 - ****************Started getBusinessesById*****************
2019-09-26 21:42:19 INFO  AveroRestAPI:83 - ****************Ended getBusinessesById*****************
2019-09-26 21:42:19 INFO  AveroRestAPI:21 - ****************Started getBusinesses*****************
2019-09-26 21:42:20 INFO  AveroRestAPI:92 - ****************Ended getBusinesses*****************
2019-09-26 21:42:20 INFO  AveroRestAPI:21 - ****************Started getSummarySales*****************
2019-09-26 21:42:20 INFO  AveroRestAPI:101 - ****************Ended getSummarySales*****************
2019-09-26 21:42:26 INFO  AveroRestAPI:20 - ****************Started getBusinessesById*****************
2019-09-26 21:42:26 INFO  AveroRestAPI:83 - ****************Ended getBusinessesById*****************
2019-09-26 21:42:26 INFO  AveroRestAPI:124 - ****************Started getBusinessesByIncorrectURL*****************
2019-09-26 21:42:26 INFO  AveroRestAPI:91 - ****************Started getBusinessesByNonExistingIds*****************
2019-09-26 21:42:26 INFO  AveroRestAPI:21 - ****************Started getBusinesses*****************
2019-09-26 21:42:27 INFO  AveroRestAPI:92 - ****************Ended getBusinesses*****************
2019-09-26 21:42:27 INFO  AveroRestAPI:100 - ****************Started getBusinessesByIncorrectURL*****************
2019-09-26 21:42:27 INFO  AveroRestAPI:21 - ****************Started getSummarySales*****************
2019-09-26 21:42:27 INFO  AveroRestAPI:101 - ****************Ended getSummarySales*****************
2019-09-26 21:42:27 INFO  AveroRestAPI:109 - ****************Started getSummarySalesByIncorrectURL*****************
2019-09-26 21:42:36 INFO  AveroRestAPI:20 - ****************Started getBusinessesById*****************
2019-09-26 21:42:37 INFO  AveroRestAPI:83 - ****************Ended getBusinessesById*****************
2019-09-26 21:42:37 INFO  AveroRestAPI:21 - ****************Started getBusinesses*****************
2019-09-26 21:42:37 INFO  AveroRestAPI:92 - ****************Ended getBusinesses*****************
2019-09-26 21:42:37 INFO  AveroRestAPI:21 - ****************Started getSummarySales*****************
2019-09-26 21:42:37 INFO  AveroRestAPI:101 - ****************Ended getSummarySales*****************
